2025-02-18 02:31:05,953 - __main__ - INFO - \u2705 œÂÂÔÓ‰ÍÎ˛˜ÂÌËÂ Í Google Sheets ÛÒÔÂ¯ÌÓ!
2025-02-18 02:43:39,937 - __main__ - INFO - \u2705 œÂÂÔÓ‰ÍÎ˛˜ÂÌËÂ Í Google Sheets ÛÒÔÂ¯ÌÓ!
2025-02-18 02:44:30,382 - __main__ - ERROR - Œ¯Ë·Í‡ ÓÚÔ‡‚ÍË ‡Û‰ËÓ: [Errno 2] No such file or directory: 'audio_task.mp3'
2025-02-18 02:45:28,007 - __main__ - ERROR - \u274c œÓÏËÎÍ‡ Á‡ÔËÒÛ ‚ Ú‡·ÎËˆ˛: 'Worksheet' object has no attribute 'set_column_width'
2025-02-18 02:48:36,098 - __main__ - ERROR - Œ¯Ë·Í‡ ÓÚÔ‡‚ÍË ‡Û‰ËÓ: [Errno 2] No such file or directory: 'audio_task.mp3'
2025-02-18 02:57:46 - database - INFO - ‚úÖ –ü–æ–¥–∫–ª—é—á–µ–Ω–∏–µ –∫ Google Sheets —É—Å–ø–µ—à–Ω–æ —É—Å—Ç–∞–Ω–æ–≤–ª–µ–Ω–æ
2025-02-18 02:57:46 - __main__ - INFO - ü§ñ –ë–æ—Ç –∑–∞–ø—É—â–µ–Ω!
2025-02-18 02:58:00 - handlers.start - INFO - –ù–æ–≤—ã–π –ø–æ–ª—å–∑–æ–≤–∞—Ç–µ–ª—å –Ω–∞—á–∞–ª —Ä–∞–±–æ—Ç—É —Å –±–æ—Ç–æ–º: –û–ª–µ–∫—Å–∞–Ω–¥—Ä (@S1lverA)
2025-02-18 02:58:50 - handlers.start - INFO - –ù–æ–≤—ã–π –ø–æ–ª—å–∑–æ–≤–∞—Ç–µ–ª—å –Ω–∞—á–∞–ª —Ä–∞–±–æ—Ç—É —Å –±–æ—Ç–æ–º: –û–ª–µ–∫—Å–∞–Ω–¥—Ä (@S1lverA)
2025-02-18 02:58:55 - handlers.test - INFO - –ü–æ–ª—å–∑–æ–≤–∞—Ç–µ–ª—å –û–ª–µ–∫—Å–∞–Ω–¥—Ä –Ω–∞—á–∞–ª —Ç–µ—Å—Ç–∏—Ä–æ–≤–∞–Ω–∏–µ
2025-02-18 02:59:09 - handlers.start - INFO - –ù–æ–≤—ã–π –ø–æ–ª—å–∑–æ–≤–∞—Ç–µ–ª—å –Ω–∞—á–∞–ª —Ä–∞–±–æ—Ç—É —Å –±–æ—Ç–æ–º: –û–ª–µ–∫—Å–∞–Ω–¥—Ä (@S1lverA)
2025-02-18 02:59:13 - handlers.test - INFO - –ü–æ–ª—å–∑–æ–≤–∞—Ç–µ–ª—å –û–ª–µ–∫—Å–∞–Ω–¥—Ä –Ω–∞—á–∞–ª —Ç–µ—Å—Ç–∏—Ä–æ–≤–∞–Ω–∏–µ
2025-02-18 03:01:02 - database - INFO - ‚úÖ –ü–æ–¥–∫–ª—é—á–µ–Ω–∏–µ –∫ Google Sheets —É—Å–ø–µ—à–Ω–æ —É—Å—Ç–∞–Ω–æ–≤–ª–µ–Ω–æ
2025-02-18 03:01:02 - __main__ - INFO - ü§ñ –ë–æ—Ç –∑–∞–ø—É—â–µ–Ω!
2025-02-18 03:02:07 - handlers.start - INFO - –ù–æ–≤—ã–π –ø–æ–ª—å–∑–æ–≤–∞—Ç–µ–ª—å –Ω–∞—á–∞–ª —Ä–∞–±–æ—Ç—É —Å –±–æ—Ç–æ–º: –û–ª–µ–∫—Å–∞–Ω–¥—Ä (@S1lverA)
2025-02-18 03:02:22 - database - INFO - ‚úÖ –ü–æ–¥–∫–ª—é—á–µ–Ω–∏–µ –∫ Google Sheets —É—Å–ø–µ—à–Ω–æ —É—Å—Ç–∞–Ω–æ–≤–ª–µ–Ω–æ
2025-02-18 03:02:22 - __main__ - INFO - ü§ñ –ë–æ—Ç –∑–∞–ø—É—â–µ–Ω!
2025-02-18 03:02:28 - handlers.start - INFO - –ù–æ–≤—ã–π –ø–æ–ª—å–∑–æ–≤–∞—Ç–µ–ª—å –Ω–∞—á–∞–ª —Ä–∞–±–æ—Ç—É —Å –±–æ—Ç–æ–º: –û–ª–µ–∫—Å–∞–Ω–¥—Ä (@S1lverA)
2025-02-18 03:08:32 - handlers.start - INFO - –ù–æ–≤—ã–π –ø–æ–ª—å–∑–æ–≤–∞—Ç–µ–ª—å –Ω–∞—á–∞–ª —Ä–∞–±–æ—Ç—É —Å –±–æ—Ç–æ–º: –û–ª–µ–∫—Å–∞–Ω–¥—Ä (@S1lverA)
2025-02-18 03:08:59 - database - INFO - ‚úÖ –ü–æ–¥–∫–ª—é—á–µ–Ω–∏–µ –∫ Google Sheets —É—Å–ø–µ—à–Ω–æ —É—Å—Ç–∞–Ω–æ–≤–ª–µ–Ω–æ
2025-02-18 03:08:59 - __main__ - INFO - ü§ñ –ë–æ—Ç –∑–∞–ø—É—â–µ–Ω!
2025-02-18 03:09:43 - handlers.start - INFO - –ù–æ–≤—ã–π –ø–æ–ª—å–∑–æ–≤–∞—Ç–µ–ª—å –Ω–∞—á–∞–ª —Ä–∞–±–æ—Ç—É —Å –±–æ—Ç–æ–º: –û–ª–µ–∫—Å–∞–Ω–¥—Ä (@S1lverA)
2025-02-18 03:10:23 - handlers.start - INFO - –ù–æ–≤—ã–π –ø–æ–ª—å–∑–æ–≤–∞—Ç–µ–ª—å –Ω–∞—á–∞–ª —Ä–∞–±–æ—Ç—É —Å –±–æ—Ç–æ–º: –û–ª–µ–∫—Å–∞–Ω–¥—Ä (@S1lverA)
2025-02-18 03:14:01 - database - INFO - ‚úÖ –ü–æ–¥–∫–ª—é—á–µ–Ω–∏–µ –∫ Google Sheets —É—Å–ø–µ—à–Ω–æ —É—Å—Ç–∞–Ω–æ–≤–ª–µ–Ω–æ
2025-02-18 03:14:01 - __main__ - INFO - ü§ñ –ë–æ—Ç –∑–∞–ø—É—â–µ–Ω!
2025-02-18 03:14:02 - handlers.start - INFO - –ù–æ–≤—ã–π –ø–æ–ª—å–∑–æ–≤–∞—Ç–µ–ª—å –Ω–∞—á–∞–ª —Ä–∞–±–æ—Ç—É —Å –±–æ—Ç–æ–º: –û–ª–µ–∫—Å–∞–Ω–¥—Ä (@S1lverA)
2025-02-18 03:14:46 - handlers.start - INFO - –ù–æ–≤—ã–π –ø–æ–ª—å–∑–æ–≤–∞—Ç–µ–ª—å –Ω–∞—á–∞–ª —Ä–∞–±–æ—Ç—É —Å –±–æ—Ç–æ–º: –û–ª–µ–∫—Å–∞–Ω–¥—Ä (@S1lverA)
2025-02-18 03:17:10 - database - INFO - ‚úÖ –ü–æ–¥–∫–ª—é—á–µ–Ω–∏–µ –∫ Google Sheets —É—Å–ø–µ—à–Ω–æ —É—Å—Ç–∞–Ω–æ–≤–ª–µ–Ω–æ
2025-02-18 03:17:10 - __main__ - INFO - ü§ñ –ë–æ—Ç –∑–∞–ø—É—â–µ–Ω!
2025-02-18 03:17:28 - handlers.start - INFO - –ù–æ–≤—ã–π –ø–æ–ª—å–∑–æ–≤–∞—Ç–µ–ª—å –Ω–∞—á–∞–ª —Ä–∞–±–æ—Ç—É —Å –±–æ—Ç–æ–º: –û–ª–µ–∫—Å–∞–Ω–¥—Ä (@S1lverA)
2025-02-18 03:19:42 - database - INFO - ‚úÖ –ü–æ–¥–∫–ª—é—á–µ–Ω–∏–µ –∫ Google Sheets —É—Å–ø–µ—à–Ω–æ —É—Å—Ç–∞–Ω–æ–≤–ª–µ–Ω–æ
2025-02-18 03:19:42 - __main__ - INFO - ü§ñ –ë–æ—Ç –∑–∞–ø—É—â–µ–Ω!
2025-02-18 03:19:47 - handlers.start - INFO - –ù–æ–≤—ã–π –ø–æ–ª—å–∑–æ–≤–∞—Ç–µ–ª—å –Ω–∞—á–∞–ª —Ä–∞–±–æ—Ç—É —Å –±–æ—Ç–æ–º: –û–ª–µ–∫—Å–∞–Ω–¥—Ä (@S1lverA)
2025-02-18 03:20:37 - handlers.test - INFO - –ü–æ–ª—å–∑–æ–≤–∞—Ç–µ–ª—å –û–ª–µ–∫—Å–∞–Ω–¥—Ä –Ω–∞—á–∞–ª —Ç–µ—Å—Ç–∏—Ä–æ–≤–∞–Ω–∏–µ
2025-02-18 03:22:21 - database - INFO - ‚úÖ –ü–æ–¥–∫–ª—é—á–µ–Ω–∏–µ –∫ Google Sheets —É—Å–ø–µ—à–Ω–æ —É—Å—Ç–∞–Ω–æ–≤–ª–µ–Ω–æ
2025-02-18 03:22:21 - __main__ - INFO - ü§ñ –ë–æ—Ç –∑–∞–ø—É—â–µ–Ω!
2025-02-18 03:22:27 - handlers.start - INFO - –ù–æ–≤—ã–π –ø–æ–ª—å–∑–æ–≤–∞—Ç–µ–ª—å –Ω–∞—á–∞–ª —Ä–∞–±–æ—Ç—É —Å –±–æ—Ç–æ–º: –û–ª–µ–∫—Å–∞–Ω–¥—Ä (@S1lverA)
2025-02-18 03:24:24 - database - INFO - ‚úÖ –ü–æ–¥–∫–ª—é—á–µ–Ω–∏–µ –∫ Google Sheets —É—Å–ø–µ—à–Ω–æ —É—Å—Ç–∞–Ω–æ–≤–ª–µ–Ω–æ
2025-02-18 03:24:24 - __main__ - INFO - ü§ñ –ë–æ—Ç –∑–∞–ø—É—â–µ–Ω!
2025-02-18 03:24:26 - handlers.start - INFO - –ù–æ–≤—ã–π –ø–æ–ª—å–∑–æ–≤–∞—Ç–µ–ª—å –Ω–∞—á–∞–ª —Ä–∞–±–æ—Ç—É —Å –±–æ—Ç–æ–º: –û–ª–µ–∫—Å–∞–Ω–¥—Ä (@S1lverA)
2025-02-18 03:24:34 - handlers.test - INFO - –ü–æ–ª—å–∑–æ–≤–∞—Ç–µ–ª—å –û–ª–µ–∫—Å–∞–Ω–¥—Ä –Ω–∞—á–∞–ª —Ç–µ—Å—Ç–∏—Ä–æ–≤–∞–Ω–∏–µ
2025-02-18 03:27:33 - database - INFO - ‚úÖ –ü–æ–¥–∫–ª—é—á–µ–Ω–∏–µ –∫ Google Sheets —É—Å–ø–µ—à–Ω–æ —É—Å—Ç–∞–Ω–æ–≤–ª–µ–Ω–æ
2025-02-18 03:27:33 - __main__ - INFO - ü§ñ –ë–æ—Ç –∑–∞–ø—É—â–µ–Ω!
2025-02-18 03:27:35 - handlers.start - INFO - –ù–æ–≤—ã–π –ø–æ–ª—å–∑–æ–≤–∞—Ç–µ–ª—å –Ω–∞—á–∞–ª —Ä–∞–±–æ—Ç—É —Å –±–æ—Ç–æ–º: –• (@None)
2025-02-18 03:27:35 - handlers.start - INFO - –ù–æ–≤—ã–π –ø–æ–ª—å–∑–æ–≤–∞—Ç–µ–ª—å –Ω–∞—á–∞–ª —Ä–∞–±–æ—Ç—É —Å –±–æ—Ç–æ–º: –• (@None)
2025-02-18 03:27:35 - handlers.start - INFO - –ù–æ–≤—ã–π –ø–æ–ª—å–∑–æ–≤–∞—Ç–µ–ª—å –Ω–∞—á–∞–ª —Ä–∞–±–æ—Ç—É —Å –±–æ—Ç–æ–º: –• (@None)
2025-02-18 03:27:35 - handlers.start - INFO - –ù–æ–≤—ã–π –ø–æ–ª—å–∑–æ–≤–∞—Ç–µ–ª—å –Ω–∞—á–∞–ª —Ä–∞–±–æ—Ç—É —Å –±–æ—Ç–æ–º: –• (@None)
2025-02-18 03:27:35 - handlers.start - INFO - –ù–æ–≤—ã–π –ø–æ–ª—å–∑–æ–≤–∞—Ç–µ–ª—å –Ω–∞—á–∞–ª —Ä–∞–±–æ—Ç—É —Å –±–æ—Ç–æ–º: –• (@None)
2025-02-18 03:27:41 - handlers.start - INFO - –ù–æ–≤—ã–π –ø–æ–ª—å–∑–æ–≤–∞—Ç–µ–ª—å –Ω–∞—á–∞–ª —Ä–∞–±–æ—Ç—É —Å –±–æ—Ç–æ–º: –• (@None)
2025-02-18 03:31:29 - database - INFO - ‚úÖ –ü–æ–¥–∫–ª—é—á–µ–Ω–∏–µ –∫ Google Sheets —É—Å–ø–µ—à–Ω–æ —É—Å—Ç–∞–Ω–æ–≤–ª–µ–Ω–æ
2025-02-18 03:31:29 - __main__ - INFO - ü§ñ –ë–æ—Ç –∑–∞–ø—É—â–µ–Ω!
2025-02-18 03:31:40 - handlers.start - INFO - –ù–æ–≤—ã–π –ø–æ–ª—å–∑–æ–≤–∞—Ç–µ–ª—å –Ω–∞—á–∞–ª —Ä–∞–±–æ—Ç—É —Å –±–æ—Ç–æ–º: –û–ª–µ–∫—Å–∞–Ω–¥—Ä (@S1lverA)
2025-02-18 03:31:54 - handlers.test - INFO - –ü–æ–ª—å–∑–æ–≤–∞—Ç–µ–ª—å –û–ª–µ–∫—Å–∞–Ω–¥—Ä –Ω–∞—á–∞–ª —Ç–µ—Å—Ç–∏—Ä–æ–≤–∞–Ω–∏–µ
2025-02-18 03:32:04 - handlers.start - INFO - –ù–æ–≤—ã–π –ø–æ–ª—å–∑–æ–≤–∞—Ç–µ–ª—å –Ω–∞—á–∞–ª —Ä–∞–±–æ—Ç—É —Å –±–æ—Ç–æ–º: –û–ª–µ–∫—Å–∞–Ω–¥—Ä (@S1lverA)
2025-02-18 03:33:22 - handlers.start - INFO - –ù–æ–≤—ã–π –ø–æ–ª—å–∑–æ–≤–∞—Ç–µ–ª—å –Ω–∞—á–∞–ª —Ä–∞–±–æ—Ç—É —Å –±–æ—Ç–æ–º: –û–ª–µ–∫—Å–∞–Ω–¥—Ä (@S1lverA)
2025-02-18 03:41:40 - database - INFO - ‚úÖ –ü–æ–¥–∫–ª—é—á–µ–Ω–∏–µ –∫ Google Sheets —É—Å–ø–µ—à–Ω–æ —É—Å—Ç–∞–Ω–æ–≤–ª–µ–Ω–æ
2025-02-18 03:41:40 - __main__ - INFO - ü§ñ –ë–æ—Ç –∑–∞–ø—É—â–µ–Ω!
2025-02-18 03:41:58 - handlers.start - INFO - –ù–æ–≤—ã–π –ø–æ–ª—å–∑–æ–≤–∞—Ç–µ–ª—å –Ω–∞—á–∞–ª —Ä–∞–±–æ—Ç—É —Å –±–æ—Ç–æ–º: –û–ª–µ–∫—Å–∞–Ω–¥—Ä (@S1lverA)
2025-02-18 03:42:11 - handlers.test - INFO - –ü–æ–ª—å–∑–æ–≤–∞—Ç–µ–ª—å –û–ª–µ–∫—Å–∞–Ω–¥—Ä –Ω–∞—á–∞–ª —Ç–µ—Å—Ç–∏—Ä–æ–≤–∞–Ω–∏–µ
2025-02-18 03:42:44 - database - INFO - ‚úÖ –ü–æ–¥–∫–ª—é—á–µ–Ω–∏–µ –∫ Google Sheets —É—Å–ø–µ—à–Ω–æ —É—Å—Ç–∞–Ω–æ–≤–ª–µ–Ω–æ
2025-02-18 03:42:44 - __main__ - INFO - ü§ñ –ë–æ—Ç –∑–∞–ø—É—â–µ–Ω!
2025-02-18 03:42:51 - handlers.start - INFO - –ù–æ–≤—ã–π –ø–æ–ª—å–∑–æ–≤–∞—Ç–µ–ª—å –Ω–∞—á–∞–ª —Ä–∞–±–æ—Ç—É —Å –±–æ—Ç–æ–º: –û–ª–µ–∫—Å–∞–Ω–¥—Ä (@S1lverA)
2025-02-18 03:46:41 - database - INFO - ‚úÖ –ü–æ–¥–∫–ª—é—á–µ–Ω–∏–µ –∫ Google Sheets —É—Å–ø–µ—à–Ω–æ —É—Å—Ç–∞–Ω–æ–≤–ª–µ–Ω–æ
2025-02-18 03:46:41 - __main__ - INFO - ü§ñ –ë–æ—Ç –∑–∞–ø—É—â–µ–Ω!
2025-02-18 03:46:45 - handlers.start - INFO - –ù–æ–≤—ã–π –ø–æ–ª—å–∑–æ–≤–∞—Ç–µ–ª—å –Ω–∞—á–∞–ª —Ä–∞–±–æ—Ç—É —Å –±–æ—Ç–æ–º: –û–ª–µ–∫—Å–∞–Ω–¥—Ä (@S1lverA)
2025-02-18 03:46:54 - handlers.test - INFO - –ü–æ–ª—å–∑–æ–≤–∞—Ç–µ–ª—å –û–ª–µ–∫—Å–∞–Ω–¥—Ä –Ω–∞—á–∞–ª —Ç–µ—Å—Ç–∏—Ä–æ–≤–∞–Ω–∏–µ
2025-02-18 03:47:35 - handlers.start - INFO - –ù–æ–≤—ã–π –ø–æ–ª—å–∑–æ–≤–∞—Ç–µ–ª—å –Ω–∞—á–∞–ª —Ä–∞–±–æ—Ç—É —Å –±–æ—Ç–æ–º: –û–ª–µ–∫—Å–∞–Ω–¥—Ä (@S1lverA)
2025-02-18 03:54:22 - database - INFO - ‚úÖ –ü–æ–¥–∫–ª—é—á–µ–Ω–∏–µ –∫ Google Sheets —É—Å–ø–µ—à–Ω–æ —É—Å—Ç–∞–Ω–æ–≤–ª–µ–Ω–æ
2025-02-18 03:54:22 - __main__ - INFO - ü§ñ –ë–æ—Ç –∑–∞–ø—É—â–µ–Ω!
2025-02-18 03:54:28 - handlers.start - INFO - –ù–æ–≤—ã–π –ø–æ–ª—å–∑–æ–≤–∞—Ç–µ–ª—å –Ω–∞—á–∞–ª —Ä–∞–±–æ—Ç—É —Å –±–æ—Ç–æ–º: –û–ª–µ–∫—Å–∞–Ω–¥—Ä (@S1lverA)
2025-02-18 03:54:35 - handlers.test - INFO - –ü–æ–ª—å–∑–æ–≤–∞—Ç–µ–ª—å –û–ª–µ–∫—Å–∞–Ω–¥—Ä –Ω–∞—á–∞–ª —Ç–µ—Å—Ç–∏—Ä–æ–≤–∞–Ω–∏–µ
2025-02-18 03:54:42 - handlers.start - INFO - –ù–æ–≤—ã–π –ø–æ–ª—å–∑–æ–≤–∞—Ç–µ–ª—å –Ω–∞—á–∞–ª —Ä–∞–±–æ—Ç—É —Å –±–æ—Ç–æ–º: –û–ª–µ–∫—Å–∞–Ω–¥—Ä (@S1lverA)
2025-02-18 03:55:02 - handlers.test - INFO - –ü–æ–ª—å–∑–æ–≤–∞—Ç–µ–ª—å –û–ª–µ–∫—Å–∞–Ω–¥—Ä –Ω–∞—á–∞–ª —Ç–µ—Å—Ç–∏—Ä–æ–≤–∞–Ω–∏–µ
2025-02-18 03:58:06 - database - INFO - ‚úÖ –ü–æ–¥–∫–ª—é—á–µ–Ω–∏–µ –∫ Google Sheets —É—Å–ø–µ—à–Ω–æ —É—Å—Ç–∞–Ω–æ–≤–ª–µ–Ω–æ
2025-02-18 03:58:06 - __main__ - INFO - ü§ñ –ë–æ—Ç –∑–∞–ø—É—â–µ–Ω!
2025-02-18 03:58:16 - handlers.start - INFO - –ù–æ–≤—ã–π –ø–æ–ª—å–∑–æ–≤–∞—Ç–µ–ª—å –Ω–∞—á–∞–ª —Ä–∞–±–æ—Ç—É —Å –±–æ—Ç–æ–º: –û–ª–µ–∫—Å–∞–Ω–¥—Ä (@S1lverA)
2025-02-18 03:58:22 - handlers.test - INFO - –ü–æ–ª—å–∑–æ–≤–∞—Ç–µ–ª—å –û–ª–µ–∫—Å–∞–Ω–¥—Ä –Ω–∞—á–∞–ª —Ç–µ—Å—Ç–∏—Ä–æ–≤–∞–Ω–∏–µ
2025-02-18 03:58:27 - handlers.start - INFO - –ù–æ–≤—ã–π –ø–æ–ª—å–∑–æ–≤–∞—Ç–µ–ª—å –Ω–∞—á–∞–ª —Ä–∞–±–æ—Ç—É —Å –±–æ—Ç–æ–º: –û–ª–µ–∫—Å–∞–Ω–¥—Ä (@S1lverA)
2025-02-18 04:09:37 - database - INFO - ‚úÖ –ü–æ–¥–∫–ª—é—á–µ–Ω–∏–µ –∫ Google Sheets —É—Å–ø–µ—à–Ω–æ —É—Å—Ç–∞–Ω–æ–≤–ª–µ–Ω–æ
2025-02-18 04:09:37 - __main__ - INFO - ü§ñ –ë–æ—Ç –∑–∞–ø—É—â–µ–Ω!
2025-02-18 04:09:45 - handlers.start - INFO - –ù–æ–≤—ã–π –ø–æ–ª—å–∑–æ–≤–∞—Ç–µ–ª—å –Ω–∞—á–∞–ª —Ä–∞–±–æ—Ç—É —Å –±–æ—Ç–æ–º: –û–ª–µ–∫—Å–∞–Ω–¥—Ä (@S1lverA)
2025-02-18 04:09:53 - handlers.test - INFO - –ü–æ–ª—å–∑–æ–≤–∞—Ç–µ–ª—å –û–ª–µ–∫—Å–∞–Ω–¥—Ä –Ω–∞—á–∞–ª —Ç–µ—Å—Ç–∏—Ä–æ–≤–∞–Ω–∏–µ
2025-02-18 04:16:32 - handlers.test - INFO - –ü–æ–ª—å–∑–æ–≤–∞—Ç–µ–ª—å –û–ª–µ–∫—Å–∞–Ω–¥—Ä –Ω–∞—á–∞–ª —Ç–µ—Å—Ç–∏—Ä–æ–≤–∞–Ω–∏–µ
2025-02-18 04:24:13 - database - INFO - ‚úÖ –ü–æ–¥–∫–ª—é—á–µ–Ω–∏–µ –∫ Google Sheets —É—Å–ø–µ—à–Ω–æ —É—Å—Ç–∞–Ω–æ–≤–ª–µ–Ω–æ
2025-02-18 04:24:13 - __main__ - INFO - ü§ñ –ë–æ—Ç –∑–∞–ø—É—â–µ–Ω!
2025-02-18 04:24:25 - handlers.start - INFO - –ù–æ–≤—ã–π –ø–æ–ª—å–∑–æ–≤–∞—Ç–µ–ª—å –Ω–∞—á–∞–ª —Ä–∞–±–æ—Ç—É —Å –±–æ—Ç–æ–º: –û–ª–µ–∫—Å–∞–Ω–¥—Ä (@S1lverA)
2025-02-18 04:24:37 - handlers.test - INFO - –ü–æ–ª—å–∑–æ–≤–∞—Ç–µ–ª—å –û–ª–µ–∫—Å–∞–Ω–¥—Ä –Ω–∞—á–∞–ª —Ç–µ—Å—Ç–∏—Ä–æ–≤–∞–Ω–∏–µ
2025-02-18 04:25:35 - handlers.start - INFO - –ù–æ–≤—ã–π –ø–æ–ª—å–∑–æ–≤–∞—Ç–µ–ª—å –Ω–∞—á–∞–ª —Ä–∞–±–æ—Ç—É —Å –±–æ—Ç–æ–º: –û–ª–µ–∫—Å–∞–Ω–¥—Ä (@S1lverA)
2025-02-18 04:26:00 - handlers.start - INFO - –ù–æ–≤—ã–π –ø–æ–ª—å–∑–æ–≤–∞—Ç–µ–ª—å –Ω–∞—á–∞–ª —Ä–∞–±–æ—Ç—É —Å –±–æ—Ç–æ–º: –û–ª–µ–∫—Å–∞–Ω–¥—Ä (@S1lverA)
2025-02-18 04:27:42 - handlers.start - INFO - –ù–æ–≤—ã–π –ø–æ–ª—å–∑–æ–≤–∞—Ç–µ–ª—å –Ω–∞—á–∞–ª —Ä–∞–±–æ—Ç—É —Å –±–æ—Ç–æ–º: –û–ª–µ–∫—Å–∞–Ω–¥—Ä (@S1lverA)
2025-02-18 04:27:54 - handlers.test - INFO - –ü–æ–ª—å–∑–æ–≤–∞—Ç–µ–ª—å –û–ª–µ–∫—Å–∞–Ω–¥—Ä –Ω–∞—á–∞–ª —Ç–µ—Å—Ç–∏—Ä–æ–≤–∞–Ω–∏–µ
2025-02-18 04:28:13 - handlers.start - INFO - –ù–æ–≤—ã–π –ø–æ–ª—å–∑–æ–≤–∞—Ç–µ–ª—å –Ω–∞—á–∞–ª —Ä–∞–±–æ—Ç—É —Å –±–æ—Ç–æ–º: –û–ª–µ–∫—Å–∞–Ω–¥—Ä (@S1lverA)
2025-02-18 04:28:23 - handlers.test - INFO - –ü–æ–ª—å–∑–æ–≤–∞—Ç–µ–ª—å –û–ª–µ–∫—Å–∞–Ω–¥—Ä –Ω–∞—á–∞–ª —Ç–µ—Å—Ç–∏—Ä–æ–≤–∞–Ω–∏–µ
2025-02-18 04:33:08 - handlers.start - INFO - –ù–æ–≤—ã–π –ø–æ–ª—å–∑–æ–≤–∞—Ç–µ–ª—å –Ω–∞—á–∞–ª —Ä–∞–±–æ—Ç—É —Å –±–æ—Ç–æ–º: –û–ª–µ–∫—Å–∞–Ω–¥—Ä (@S1lverA)
2025-02-18 04:33:21 - handlers.test - INFO - –ü–æ–ª—å–∑–æ–≤–∞—Ç–µ–ª—å –û–ª–µ–∫—Å–∞–Ω–¥—Ä –Ω–∞—á–∞–ª —Ç–µ—Å—Ç–∏—Ä–æ–≤–∞–Ω–∏–µ
2025-02-18 10:27:09 - database - INFO - ‚úÖ –ü–æ–¥–∫–ª—é—á–µ–Ω–∏–µ –∫ Google Sheets —É—Å–ø–µ—à–Ω–æ —É—Å—Ç–∞–Ω–æ–≤–ª–µ–Ω–æ
2025-02-18 10:27:09 - __main__ - INFO - ü§ñ –ë–æ—Ç –∑–∞–ø—É—â–µ–Ω!
2025-02-18 10:27:27 - handlers.start - INFO - –ù–æ–≤—ã–π –ø–æ–ª—å–∑–æ–≤–∞—Ç–µ–ª—å –Ω–∞—á–∞–ª —Ä–∞–±–æ—Ç—É —Å –±–æ—Ç–æ–º: –û–ª–µ–∫—Å–∞–Ω–¥—Ä (@S1lverA)
2025-02-18 10:27:35 - handlers.test - INFO - –ü–æ–ª—å–∑–æ–≤–∞—Ç–µ–ª—å –û–ª–µ–∫—Å–∞–Ω–¥—Ä –Ω–∞—á–∞–ª —Ç–µ—Å—Ç–∏—Ä–æ–≤–∞–Ω–∏–µ
2025-02-18 10:28:16 - handlers.start - INFO - –ù–æ–≤—ã–π –ø–æ–ª—å–∑–æ–≤–∞—Ç–µ–ª—å –Ω–∞—á–∞–ª —Ä–∞–±–æ—Ç—É —Å –±–æ—Ç–æ–º: –û–ª–µ–∫—Å–∞–Ω–¥—Ä (@S1lverA)
2025-02-18 10:28:59 - handlers.start - INFO - –ù–æ–≤—ã–π –ø–æ–ª—å–∑–æ–≤–∞—Ç–µ–ª—å –Ω–∞—á–∞–ª —Ä–∞–±–æ—Ç—É —Å –±–æ—Ç–æ–º: –û–ª–µ–∫—Å–∞–Ω–¥—Ä (@S1lverA)
2025-02-18 10:29:21 - handlers.test - INFO - –ü–æ–ª—å–∑–æ–≤–∞—Ç–µ–ª—å –û–ª–µ–∫—Å–∞–Ω–¥—Ä –Ω–∞—á–∞–ª —Ç–µ—Å—Ç–∏—Ä–æ–≤–∞–Ω–∏–µ
2025-02-18 10:57:38 - database - INFO - ‚úÖ –ü–æ–¥–∫–ª—é—á–µ–Ω–∏–µ –∫ Google Sheets —É—Å–ø–µ—à–Ω–æ —É—Å—Ç–∞–Ω–æ–≤–ª–µ–Ω–æ
2025-02-18 10:57:38 - __main__ - INFO - ü§ñ –ë–æ—Ç –∑–∞–ø—É—â–µ–Ω!
2025-02-18 10:57:56 - handlers.start - INFO - –ù–æ–≤—ã–π –ø–æ–ª—å–∑–æ–≤–∞—Ç–µ–ª—å –Ω–∞—á–∞–ª —Ä–∞–±–æ—Ç—É —Å –±–æ—Ç–æ–º: –û–ª–µ–∫—Å–∞–Ω–¥—Ä (@S1lverA)
2025-02-18 11:18:49 - database - INFO - ‚úÖ –ü–æ–¥–∫–ª—é—á–µ–Ω–∏–µ –∫ Google Sheets —É—Å–ø–µ—à–Ω–æ —É—Å—Ç–∞–Ω–æ–≤–ª–µ–Ω–æ
2025-02-18 11:18:49 - __main__ - INFO - ü§ñ –ë–æ—Ç –∑–∞–ø—É—â–µ–Ω!
2025-02-18 11:19:06 - handlers.start - INFO - –ù–æ–≤—ã–π –ø–æ–ª—å–∑–æ–≤–∞—Ç–µ–ª—å –Ω–∞—á–∞–ª —Ä–∞–±–æ—Ç—É —Å –±–æ—Ç–æ–º: –û–ª–µ–∫—Å–∞–Ω–¥—Ä (@S1lverA)
2025-02-18 11:20:36 - database - INFO - ‚úÖ –ü–æ–¥–∫–ª—é—á–µ–Ω–∏–µ –∫ Google Sheets —É—Å–ø–µ—à–Ω–æ —É—Å—Ç–∞–Ω–æ–≤–ª–µ–Ω–æ
2025-02-18 11:20:36 - __main__ - INFO - ü§ñ –ë–æ—Ç –∑–∞–ø—É—â–µ–Ω!
2025-02-18 11:20:42 - handlers.start - INFO - –ù–æ–≤—ã–π –ø–æ–ª—å–∑–æ–≤–∞—Ç–µ–ª—å –Ω–∞—á–∞–ª —Ä–∞–±–æ—Ç—É —Å –±–æ—Ç–æ–º: –û–ª–µ–∫—Å–∞–Ω–¥—Ä (@S1lverA)
2025-02-18 11:24:12 - database - INFO - ‚úÖ –ü–æ–¥–∫–ª—é—á–µ–Ω–∏–µ –∫ Google Sheets —É—Å–ø–µ—à–Ω–æ —É—Å—Ç–∞–Ω–æ–≤–ª–µ–Ω–æ
2025-02-18 11:24:12 - __main__ - INFO - ü§ñ –ë–æ—Ç –∑–∞–ø—É—â–µ–Ω!
2025-02-18 11:24:15 - handlers.start - INFO - –ù–æ–≤—ã–π –ø–æ–ª—å–∑–æ–≤–∞—Ç–µ–ª—å –Ω–∞—á–∞–ª —Ä–∞–±–æ—Ç—É —Å –±–æ—Ç–æ–º: –û–ª–µ–∫—Å–∞–Ω–¥—Ä (@S1lverA)
2025-02-18 11:26:31 - database - INFO - ‚úÖ –ü–æ–¥–∫–ª—é—á–µ–Ω–∏–µ –∫ Google Sheets —É—Å–ø–µ—à–Ω–æ —É—Å—Ç–∞–Ω–æ–≤–ª–µ–Ω–æ
2025-02-18 11:26:31 - __main__ - INFO - ü§ñ –ë–æ—Ç –∑–∞–ø—É—â–µ–Ω!
2025-02-18 11:26:38 - handlers.start - INFO - –ù–æ–≤—ã–π –ø–æ–ª—å–∑–æ–≤–∞—Ç–µ–ª—å –Ω–∞—á–∞–ª —Ä–∞–±–æ—Ç—É —Å –±–æ—Ç–æ–º: –û–ª–µ–∫—Å–∞–Ω–¥—Ä (@S1lverA)
2025-02-18 11:28:19 - handlers.start - INFO - –ù–æ–≤—ã–π –ø–æ–ª—å–∑–æ–≤–∞—Ç–µ–ª—å –Ω–∞—á–∞–ª —Ä–∞–±–æ—Ç—É —Å –±–æ—Ç–æ–º: –û–ª–µ–∫—Å–∞–Ω–¥—Ä (@S1lverA)
2025-02-18 11:28:26 - handlers.test - INFO - –ü–æ–ª—å–∑–æ–≤–∞—Ç–µ–ª—å –û–ª–µ–∫—Å–∞–Ω–¥—Ä –Ω–∞—á–∞–ª —Ç–µ—Å—Ç–∏—Ä–æ–≤–∞–Ω–∏–µ
2025-02-18 11:37:00 - database - INFO - ‚úÖ –ü–æ–¥–∫–ª—é—á–µ–Ω–∏–µ –∫ Google Sheets —É—Å–ø–µ—à–Ω–æ —É—Å—Ç–∞–Ω–æ–≤–ª–µ–Ω–æ
2025-02-18 11:37:00 - __main__ - INFO - ü§ñ –ë–æ—Ç –∑–∞–ø—É—â–µ–Ω!
2025-02-18 11:37:16 - handlers.start - INFO - –ù–æ–≤—ã–π –ø–æ–ª—å–∑–æ–≤–∞—Ç–µ–ª—å –Ω–∞—á–∞–ª —Ä–∞–±–æ—Ç—É —Å –±–æ—Ç–æ–º: –û–ª–µ–∫—Å–∞–Ω–¥—Ä (@S1lverA)
2025-02-18 11:37:22 - handlers.test - INFO - –ü–æ–ª—å–∑–æ–≤–∞—Ç–µ–ª—å –û–ª–µ–∫—Å–∞–Ω–¥—Ä –Ω–∞—á–∞–ª —Ç–µ—Å—Ç–∏—Ä–æ–≤–∞–Ω–∏–µ
2025-02-18 11:42:01 - database - INFO - ‚úÖ –ü–æ–¥–∫–ª—é—á–µ–Ω–∏–µ –∫ Google Sheets —É—Å–ø–µ—à–Ω–æ —É—Å—Ç–∞–Ω–æ–≤–ª–µ–Ω–æ
2025-02-18 11:42:01 - __main__ - INFO - ü§ñ –ë–æ—Ç –∑–∞–ø—É—â–µ–Ω!
2025-02-18 11:42:13 - handlers.start - INFO - –ù–æ–≤—ã–π –ø–æ–ª—å–∑–æ–≤–∞—Ç–µ–ª—å –Ω–∞—á–∞–ª —Ä–∞–±–æ—Ç—É —Å –±–æ—Ç–æ–º: –û–ª–µ–∫—Å–∞–Ω–¥—Ä (@S1lverA)
2025-02-18 11:45:35 - database - INFO - ‚úÖ –ü–æ–¥–∫–ª—é—á–µ–Ω–∏–µ –∫ Google Sheets —É—Å–ø–µ—à–Ω–æ —É—Å—Ç–∞–Ω–æ–≤–ª–µ–Ω–æ
2025-02-18 11:45:35 - __main__ - INFO - ü§ñ –ë–æ—Ç –∑–∞–ø—É—â–µ–Ω!
2025-02-18 11:45:39 - handlers.start - INFO - –ù–æ–≤—ã–π –ø–æ–ª—å–∑–æ–≤–∞—Ç–µ–ª—å –Ω–∞—á–∞–ª —Ä–∞–±–æ—Ç—É —Å –±–æ—Ç–æ–º: –û–ª–µ–∫—Å–∞–Ω–¥—Ä (@S1lverA)
2025-02-18 11:46:13 - handlers.start - INFO - –ù–æ–≤—ã–π –ø–æ–ª—å–∑–æ–≤–∞—Ç–µ–ª—å –Ω–∞—á–∞–ª —Ä–∞–±–æ—Ç—É —Å –±–æ—Ç–æ–º: –û–ª–µ–∫—Å–∞–Ω–¥—Ä (@S1lverA)
2025-02-18 11:46:19 - handlers.test - INFO - –ü–æ–ª—å–∑–æ–≤–∞—Ç–µ–ª—å –û–ª–µ–∫—Å–∞–Ω–¥—Ä –Ω–∞—á–∞–ª —Ç–µ—Å—Ç–∏—Ä–æ–≤–∞–Ω–∏–µ
2025-02-18 11:50:56 - handlers.start - INFO - –ù–æ–≤—ã–π –ø–æ–ª—å–∑–æ–≤–∞—Ç–µ–ª—å –Ω–∞—á–∞–ª —Ä–∞–±–æ—Ç—É —Å –±–æ—Ç–æ–º: –û–ª–µ–∫—Å–∞–Ω–¥—Ä (@S1lverA)
2025-02-18 11:53:06 - database - INFO - ‚úÖ –ü–æ–¥–∫–ª—é—á–µ–Ω–∏–µ –∫ Google Sheets —É—Å–ø–µ—à–Ω–æ —É—Å—Ç–∞–Ω–æ–≤–ª–µ–Ω–æ
2025-02-18 11:53:06 - __main__ - INFO - ü§ñ –ë–æ—Ç –∑–∞–ø—É—â–µ–Ω!
2025-02-18 11:53:10 - handlers.start - INFO - –ù–æ–≤—ã–π –ø–æ–ª—å–∑–æ–≤–∞—Ç–µ–ª—å –Ω–∞—á–∞–ª —Ä–∞–±–æ—Ç—É —Å –±–æ—Ç–æ–º: –û–ª–µ–∫—Å–∞–Ω–¥—Ä (@S1lverA)
2025-02-18 11:54:50 - handlers.start - INFO - –ù–æ–≤—ã–π –ø–æ–ª—å–∑–æ–≤–∞—Ç–µ–ª—å –Ω–∞—á–∞–ª —Ä–∞–±–æ—Ç—É —Å –±–æ—Ç–æ–º: Liliia (@Galileoll)
2025-02-18 11:55:00 - handlers.start - INFO - –ù–æ–≤—ã–π –ø–æ–ª—å–∑–æ–≤–∞—Ç–µ–ª—å –Ω–∞—á–∞–ª —Ä–∞–±–æ—Ç—É —Å –±–æ—Ç–æ–º: –û–ª–µ–∫—Å–∞–Ω–¥—Ä (@S1lverA)
2025-02-18 11:55:54 - handlers.test - INFO - –ü–æ–ª—å–∑–æ–≤–∞—Ç–µ–ª—å Liliia –Ω–∞—á–∞–ª —Ç–µ—Å—Ç–∏—Ä–æ–≤–∞–Ω–∏–µ
2025-02-18 11:58:35 - handlers.test - INFO - –ü–æ–ª—å–∑–æ–≤–∞—Ç–µ–ª—å –∑–∞–≤–µ—Ä—à–∏–ª —Ç–µ—Å—Ç —Å —Ä–µ–∑—É–ª—å—Ç–∞—Ç–æ–º 50.0%
2025-02-18 12:12:14 - database - INFO - ‚úÖ –ü–æ–¥–∫–ª—é—á–µ–Ω–∏–µ –∫ Google Sheets —É—Å–ø–µ—à–Ω–æ —É—Å—Ç–∞–Ω–æ–≤–ª–µ–Ω–æ
2025-02-18 12:12:14 - __main__ - INFO - ü§ñ –ë–æ—Ç –∑–∞–ø—É—â–µ–Ω!
2025-02-18 12:12:18 - handlers.start - INFO - –ù–æ–≤—ã–π –ø–æ–ª—å–∑–æ–≤–∞—Ç–µ–ª—å –Ω–∞—á–∞–ª —Ä–∞–±–æ—Ç—É —Å –±–æ—Ç–æ–º: –û–ª–µ–∫—Å–∞–Ω–¥—Ä (@S1lverA)
2025-02-18 12:13:17 - handlers.test - INFO - –ü–æ–ª—å–∑–æ–≤–∞—Ç–µ–ª—å –û–ª–µ–∫—Å–∞–Ω–¥—Ä –Ω–∞—á–∞–ª —Ç–µ—Å—Ç–∏—Ä–æ–≤–∞–Ω–∏–µ
2025-02-18 12:13:20 - handlers.test - INFO - –ü–æ–ª—å–∑–æ–≤–∞—Ç–µ–ª—å –û–ª–µ–∫—Å–∞–Ω–¥—Ä –Ω–∞—á–∞–ª —Ç–µ—Å—Ç–∏—Ä–æ–≤–∞–Ω–∏–µ
2025-02-18 12:14:22 - handlers.test - INFO - –ü–æ–ª—å–∑–æ–≤–∞—Ç–µ–ª—å –∑–∞–≤–µ—Ä—à–∏–ª —Ç–µ—Å—Ç —Å —Ä–µ–∑—É–ª—å—Ç–∞—Ç–æ–º 20.0%
2025-02-18 12:19:47 - database - INFO - ‚úÖ –ü–æ–¥–∫–ª—é—á–µ–Ω–∏–µ –∫ Google Sheets —É—Å–ø–µ—à–Ω–æ —É—Å—Ç–∞–Ω–æ–≤–ª–µ–Ω–æ
2025-02-18 12:19:47 - __main__ - INFO - ü§ñ –ë–æ—Ç –∑–∞–ø—É—â–µ–Ω!
2025-02-18 12:19:54 - handlers.start - INFO - –ù–æ–≤—ã–π –ø–æ–ª—å–∑–æ–≤–∞—Ç–µ–ª—å –Ω–∞—á–∞–ª —Ä–∞–±–æ—Ç—É —Å –±–æ—Ç–æ–º: –û–ª–µ–∫—Å–∞–Ω–¥—Ä (@S1lverA)
2025-02-18 12:20:09 - handlers.test - INFO - –ü–æ–ª—å–∑–æ–≤–∞—Ç–µ–ª—å –û–ª–µ–∫—Å–∞–Ω–¥—Ä –Ω–∞—á–∞–ª —Ç–µ—Å—Ç–∏—Ä–æ–≤–∞–Ω–∏–µ
2025-02-18 12:20:49 - handlers.test - INFO - –ü–æ–ª—å–∑–æ–≤–∞—Ç–µ–ª—å –∑–∞–≤–µ—Ä—à–∏–ª —Ç–µ—Å—Ç —Å —Ä–µ–∑—É–ª—å—Ç–∞—Ç–æ–º 22.2%
2025-02-18 12:24:43 - database - INFO - ‚úÖ –ü–æ–¥–∫–ª—é—á–µ–Ω–∏–µ –∫ Google Sheets —É—Å–ø–µ—à–Ω–æ —É—Å—Ç–∞–Ω–æ–≤–ª–µ–Ω–æ
2025-02-18 12:24:43 - __main__ - INFO - ü§ñ –ë–æ—Ç –∑–∞–ø—É—â–µ–Ω!
2025-02-18 12:24:48 - handlers.start - INFO - –ù–æ–≤—ã–π –ø–æ–ª—å–∑–æ–≤–∞—Ç–µ–ª—å –Ω–∞—á–∞–ª —Ä–∞–±–æ—Ç—É —Å –±–æ—Ç–æ–º: –û–ª–µ–∫—Å–∞–Ω–¥—Ä (@S1lverA)
2025-02-18 12:25:00 - handlers.test - INFO - –ü–æ–ª—å–∑–æ–≤–∞—Ç–µ–ª—å –û–ª–µ–∫—Å–∞–Ω–¥—Ä –Ω–∞—á–∞–ª —Ç–µ—Å—Ç–∏—Ä–æ–≤–∞–Ω–∏–µ
2025-02-18 12:25:38 - handlers.test - INFO - –ü–æ–ª—å–∑–æ–≤–∞—Ç–µ–ª—å –∑–∞–≤–µ—Ä—à–∏–ª —Ç–µ—Å—Ç —Å —Ä–µ–∑—É–ª—å—Ç–∞—Ç–æ–º 22.2%
2025-02-18 13:08:30 - database - INFO - ‚úÖ –ü–æ–¥–∫–ª—é—á–µ–Ω–∏–µ –∫ Google Sheets —É—Å–ø–µ—à–Ω–æ —É—Å—Ç–∞–Ω–æ–≤–ª–µ–Ω–æ
2025-02-18 13:08:30 - __main__ - INFO - ü§ñ –ë–æ—Ç –∑–∞–ø—É—â–µ–Ω!
2025-02-18 14:08:52 - handlers.start - INFO - –ù–æ–≤—ã–π –ø–æ–ª—å–∑–æ–≤–∞—Ç–µ–ª—å –Ω–∞—á–∞–ª —Ä–∞–±–æ—Ç—É —Å –±–æ—Ç–æ–º: –û–ª–µ–∫—Å–∞–Ω–¥—Ä (@S1lverA)
2025-02-18 16:32:24 - database - INFO - ‚úÖ –ü–æ–¥–∫–ª—é—á–µ–Ω–∏–µ –∫ Google Sheets —É—Å–ø–µ—à–Ω–æ —É—Å—Ç–∞–Ω–æ–≤–ª–µ–Ω–æ
2025-02-18 16:32:24 - __main__ - INFO - ü§ñ –ë–æ—Ç –∑–∞–ø—É—â–µ–Ω!
2025-02-18 18:51:59 - handlers.start - INFO - –ù–æ–≤—ã–π –ø–æ–ª—å–∑–æ–≤–∞—Ç–µ–ª—å –Ω–∞—á–∞–ª —Ä–∞–±–æ—Ç—É —Å –±–æ—Ç–æ–º: –û–ª–µ–∫—Å–∞–Ω–¥—Ä (@S1lverA)
2025-02-18 19:17:09 - handlers.start - INFO - –ù–æ–≤—ã–π –ø–æ–ª—å–∑–æ–≤–∞—Ç–µ–ª—å –Ω–∞—á–∞–ª —Ä–∞–±–æ—Ç—É —Å –±–æ—Ç–æ–º: –ê–Ω–¥—Ä—ñ–π (@kryzh_a)
2025-02-18 19:17:58 - handlers.start - INFO - –ù–æ–≤—ã–π –ø–æ–ª—å–∑–æ–≤–∞—Ç–µ–ª—å –Ω–∞—á–∞–ª —Ä–∞–±–æ—Ç—É —Å –±–æ—Ç–æ–º: –ê–Ω–¥—Ä—ñ–π (@kryzh_a)
2025-02-18 19:19:19 - handlers.start - INFO - –ù–æ–≤—ã–π –ø–æ–ª—å–∑–æ–≤–∞—Ç–µ–ª—å –Ω–∞—á–∞–ª —Ä–∞–±–æ—Ç—É —Å –±–æ—Ç–æ–º: –û–ª–µ–∫—Å–∞–Ω–¥—Ä (@None)
2025-02-18 19:21:15 - handlers.start - INFO - –ù–æ–≤—ã–π –ø–æ–ª—å–∑–æ–≤–∞—Ç–µ–ª—å –Ω–∞—á–∞–ª —Ä–∞–±–æ—Ç—É —Å –±–æ—Ç–æ–º: –ê–Ω–¥—Ä—ñ–π (@kryzh_a)
2025-02-18 19:21:25 - handlers.test - INFO - –ü–æ–ª—å–∑–æ–≤–∞—Ç–µ–ª—å –ê–Ω–¥—Ä—ñ–π –Ω–∞—á–∞–ª —Ç–µ—Å—Ç–∏—Ä–æ–≤–∞–Ω–∏–µ
2025-02-18 19:24:17 - database - INFO - ‚úÖ –ü–æ–¥–∫–ª—é—á–µ–Ω–∏–µ –∫ Google Sheets —É—Å–ø–µ—à–Ω–æ —É—Å—Ç–∞–Ω–æ–≤–ª–µ–Ω–æ
2025-02-18 19:24:17 - __main__ - INFO - ü§ñ –ë–æ—Ç –∑–∞–ø—É—â–µ–Ω!
2025-02-18 19:24:19 - handlers.start - INFO - –ù–æ–≤—ã–π –ø–æ–ª—å–∑–æ–≤–∞—Ç–µ–ª—å –Ω–∞—á–∞–ª —Ä–∞–±–æ—Ç—É —Å –±–æ—Ç–æ–º: –ê–Ω–¥—Ä—ñ–π (@kryzh_a)
2025-02-18 19:24:19 - handlers.start - INFO - –ù–æ–≤—ã–π –ø–æ–ª—å–∑–æ–≤–∞—Ç–µ–ª—å –Ω–∞—á–∞–ª —Ä–∞–±–æ—Ç—É —Å –±–æ—Ç–æ–º: –ê–Ω–¥—Ä—ñ–π (@kryzh_a)
2025-02-18 19:24:36 - handlers.test - INFO - –ü–æ–ª—å–∑–æ–≤–∞—Ç–µ–ª—å –ê–Ω–¥—Ä—ñ–π –Ω–∞—á–∞–ª —Ç–µ—Å—Ç–∏—Ä–æ–≤–∞–Ω–∏–µ
2025-02-18 19:25:51 - handlers.test - INFO - –ü–æ–ª—å–∑–æ–≤–∞—Ç–µ–ª—å –∑–∞–≤–µ—Ä—à–∏–ª —Ç–µ—Å—Ç —Å —Ä–µ–∑—É–ª—å—Ç–∞—Ç–æ–º 88.9%
2025-02-18 23:45:06 - handlers.start - INFO - –ù–æ–≤—ã–π –ø–æ–ª—å–∑–æ–≤–∞—Ç–µ–ª—å –Ω–∞—á–∞–ª —Ä–∞–±–æ—Ç—É —Å –±–æ—Ç–æ–º: –û–ª–µ–∫—Å–∞–Ω–¥—Ä (@S1lverA)
2025-02-19 00:53:49 - database - INFO - ‚úÖ –ü–æ–¥–∫–ª—é—á–µ–Ω–∏–µ –∫ Google Sheets —É—Å–ø–µ—à–Ω–æ —É—Å—Ç–∞–Ω–æ–≤–ª–µ–Ω–æ
2025-02-19 00:53:49 - __main__ - INFO - ü§ñ –ë–æ—Ç –∑–∞–ø—É—â–µ–Ω!
2025-02-19 00:54:03 - handlers.start - INFO - –ù–æ–≤—ã–π –ø–æ–ª—å–∑–æ–≤–∞—Ç–µ–ª—å –Ω–∞—á–∞–ª —Ä–∞–±–æ—Ç—É —Å –±–æ—Ç–æ–º: –û–ª–µ–∫—Å–∞–Ω–¥—Ä (@S1lverA)
2025-02-19 00:54:26 - handlers.start - INFO - –ù–æ–≤—ã–π –ø–æ–ª—å–∑–æ–≤–∞—Ç–µ–ª—å –Ω–∞—á–∞–ª —Ä–∞–±–æ—Ç—É —Å –±–æ—Ç–æ–º: –û–ª–µ–∫—Å–∞–Ω–¥—Ä (@S1lverA)
2025-02-19 00:55:16 - database - INFO - ‚úÖ –ü–æ–¥–∫–ª—é—á–µ–Ω–∏–µ –∫ Google Sheets —É—Å–ø–µ—à–Ω–æ —É—Å—Ç–∞–Ω–æ–≤–ª–µ–Ω–æ
2025-02-19 00:55:16 - __main__ - INFO - ü§ñ –ë–æ—Ç –∑–∞–ø—É—â–µ–Ω!
2025-02-19 00:55:23 - handlers.start - INFO - –ù–æ–≤—ã–π –ø–æ–ª—å–∑–æ–≤–∞—Ç–µ–ª—å –Ω–∞—á–∞–ª —Ä–∞–±–æ—Ç—É —Å –±–æ—Ç–æ–º: –û–ª–µ–∫—Å–∞–Ω–¥—Ä (@S1lverA)
2025-02-19 01:19:17 - database - INFO - ‚úÖ –ü–æ–¥–∫–ª—é—á–µ–Ω–∏–µ –∫ Google Sheets —É—Å–ø–µ—à–Ω–æ —É—Å—Ç–∞–Ω–æ–≤–ª–µ–Ω–æ
2025-02-19 01:19:17 - __main__ - INFO - ü§ñ –ë–æ—Ç –∑–∞–ø—É—â–µ–Ω!
2025-02-19 01:21:18 - handlers.start - INFO - –ù–æ–≤—ã–π –ø–æ–ª—å–∑–æ–≤–∞—Ç–µ–ª—å –Ω–∞—á–∞–ª —Ä–∞–±–æ—Ç—É —Å –±–æ—Ç–æ–º: –• (@None)
2025-02-19 01:21:47 - handlers.start - INFO - –ù–æ–≤—ã–π –ø–æ–ª—å–∑–æ–≤–∞—Ç–µ–ª—å –Ω–∞—á–∞–ª —Ä–∞–±–æ—Ç—É —Å –±–æ—Ç–æ–º: –û–ª–µ–∫—Å–∞–Ω–¥—Ä (@None)
2025-02-19 01:28:40 - database - INFO - ‚úÖ –ü–æ–¥–∫–ª—é—á–µ–Ω–∏–µ –∫ Google Sheets —É—Å–ø–µ—à–Ω–æ —É—Å—Ç–∞–Ω–æ–≤–ª–µ–Ω–æ
2025-02-19 01:28:40 - __main__ - INFO - ü§ñ –ë–æ—Ç –∑–∞–ø—É—â–µ–Ω!
2025-02-19 01:28:54 - handlers.start - INFO - –ù–æ–≤—ã–π –ø–æ–ª—å–∑–æ–≤–∞—Ç–µ–ª—å –Ω–∞—á–∞–ª —Ä–∞–±–æ—Ç—É —Å –±–æ—Ç–æ–º: –• (@None)
2025-02-19 15:05:36 - database - INFO - ‚úÖ –ü–æ–¥–∫–ª—é—á–µ–Ω–∏–µ –∫ Google Sheets —É—Å–ø–µ—à–Ω–æ —É—Å—Ç–∞–Ω–æ–≤–ª–µ–Ω–æ
2025-02-19 15:05:36 - __main__ - INFO - ü§ñ –ë–æ—Ç –∑–∞–ø—É—â–µ–Ω!
2025-02-19 15:05:43 - handlers.start - INFO - –ù–æ–≤—ã–π –ø–æ–ª—å–∑–æ–≤–∞—Ç–µ–ª—å –Ω–∞—á–∞–ª —Ä–∞–±–æ—Ç—É —Å –±–æ—Ç–æ–º: –û–ª–µ–∫—Å–∞–Ω–¥—Ä (@None)
2025-02-19 15:07:37 - handlers.start - INFO - –ù–æ–≤—ã–π –ø–æ–ª—å–∑–æ–≤–∞—Ç–µ–ª—å –Ω–∞—á–∞–ª —Ä–∞–±–æ—Ç—É —Å –±–æ—Ç–æ–º: –û–ª–µ–∫—Å–∞–Ω–¥—Ä (@S1lverA)
2025-02-19 15:16:04 - database - INFO - ‚úÖ –ü–æ–¥–∫–ª—é—á–µ–Ω–∏–µ –∫ Google Sheets —É—Å–ø–µ—à–Ω–æ —É—Å—Ç–∞–Ω–æ–≤–ª–µ–Ω–æ
2025-02-19 15:19:04 - database - INFO - ‚úÖ –ü–æ–¥–∫–ª—é—á–µ–Ω–∏–µ –∫ Google Sheets —É—Å–ø–µ—à–Ω–æ —É—Å—Ç–∞–Ω–æ–≤–ª–µ–Ω–æ
2025-02-19 15:19:04 - __main__ - INFO - ü§ñ –ë–æ—Ç –∑–∞–ø—É—â–µ–Ω!
2025-02-19 15:19:09 - handlers.start - INFO - –ù–æ–≤—ã–π –ø–æ–ª—å–∑–æ–≤–∞—Ç–µ–ª—å –Ω–∞—á–∞–ª —Ä–∞–±–æ—Ç—É —Å –±–æ—Ç–æ–º: –û–ª–µ–∫—Å–∞–Ω–¥—Ä (@S1lverA)
2025-02-19 15:19:39 - handlers.start - INFO - –ù–æ–≤—ã–π –ø–æ–ª—å–∑–æ–≤–∞—Ç–µ–ª—å –Ω–∞—á–∞–ª —Ä–∞–±–æ—Ç—É —Å –±–æ—Ç–æ–º: –û–ª–µ–∫—Å–∞–Ω–¥—Ä (@S1lverA)
2025-02-19 15:19:56 - handlers.start - INFO - –ù–æ–≤—ã–π –ø–æ–ª—å–∑–æ–≤–∞—Ç–µ–ª—å –Ω–∞—á–∞–ª —Ä–∞–±–æ—Ç—É —Å –±–æ—Ç–æ–º: –û–ª–µ–∫—Å–∞–Ω–¥—Ä (@S1lverA)
2025-02-19 15:23:02 - __main__ - ERROR - –û—à–∏–±–∫–∞ —Å–æ–∑–¥–∞–Ω–∏—è —Å—Å—ã–ª–∫–∏: –ù–µ–≤–µ—Ä–Ω–æ–µ –∫–æ–ª–∏—á–µ—Å—Ç–≤–æ –∞—Ä–≥—É–º–µ–Ω—Ç–æ–≤
2025-02-19 15:25:05 - database - INFO - ‚úÖ –ü–æ–¥–∫–ª—é—á–µ–Ω–∏–µ –∫ Google Sheets —É—Å–ø–µ—à–Ω–æ —É—Å—Ç–∞–Ω–æ–≤–ª–µ–Ω–æ
2025-02-19 15:25:05 - __main__ - INFO - ü§ñ –ë–æ—Ç –∑–∞–ø—É—â–µ–Ω!
2025-02-19 15:25:09 - handlers.start - INFO - –ù–æ–≤—ã–π –ø–æ–ª—å–∑–æ–≤–∞—Ç–µ–ª—å –Ω–∞—á–∞–ª —Ä–∞–±–æ—Ç—É —Å –±–æ—Ç–æ–º: –û–ª–µ–∫—Å–∞–Ω–¥—Ä (@S1lverA)
2025-02-19 15:25:32 - handlers.start - INFO - –ù–æ–≤—ã–π –ø–æ–ª—å–∑–æ–≤–∞—Ç–µ–ª—å –Ω–∞—á–∞–ª —Ä–∞–±–æ—Ç—É —Å –±–æ—Ç–æ–º: –û–ª–µ–∫—Å–∞–Ω–¥—Ä (@S1lverA)
2025-02-19 15:29:44 - database - INFO - ‚úÖ –ü–æ–¥–∫–ª—é—á–µ–Ω–∏–µ –∫ Google Sheets —É—Å–ø–µ—à–Ω–æ —É—Å—Ç–∞–Ω–æ–≤–ª–µ–Ω–æ
2025-02-19 15:29:44 - __main__ - INFO - ü§ñ –ë–æ—Ç –∑–∞–ø—É—â–µ–Ω!
2025-02-19 15:29:48 - handlers.start - INFO - –ù–æ–≤—ã–π –ø–æ–ª—å–∑–æ–≤–∞—Ç–µ–ª—å –Ω–∞—á–∞–ª —Ä–∞–±–æ—Ç—É —Å –±–æ—Ç–æ–º: –û–ª–µ–∫—Å–∞–Ω–¥—Ä (@S1lverA)
2025-02-19 15:30:12 - handlers.start - INFO - –ù–æ–≤—ã–π –ø–æ–ª—å–∑–æ–≤–∞—Ç–µ–ª—å –Ω–∞—á–∞–ª —Ä–∞–±–æ—Ç—É —Å –±–æ—Ç–æ–º: –û–ª–µ–∫—Å–∞–Ω–¥—Ä (@S1lverA)
2025-02-19 15:36:15 - database - INFO - ‚úÖ –ü–æ–¥–∫–ª—é—á–µ–Ω–∏–µ –∫ Google Sheets —É—Å–ø–µ—à–Ω–æ —É—Å—Ç–∞–Ω–æ–≤–ª–µ–Ω–æ
2025-02-19 15:36:15 - __main__ - INFO - ü§ñ –ë–æ—Ç –∑–∞–ø—É—â–µ–Ω!
2025-02-19 15:36:19 - handlers.start - INFO - –ù–æ–≤—ã–π –ø–æ–ª—å–∑–æ–≤–∞—Ç–µ–ª—å –Ω–∞—á–∞–ª —Ä–∞–±–æ—Ç—É —Å –±–æ—Ç–æ–º: –û–ª–µ–∫—Å–∞–Ω–¥—Ä (@S1lverA)
2025-02-19 15:37:21 - handlers.start - INFO - –ù–æ–≤—ã–π –ø–æ–ª—å–∑–æ–≤–∞—Ç–µ–ª—å –Ω–∞—á–∞–ª —Ä–∞–±–æ—Ç—É —Å –±–æ—Ç–æ–º: –û–ª–µ–∫—Å–∞–Ω–¥—Ä (@S1lverA)
2025-02-19 15:37:43 - handlers.start - INFO - –ù–æ–≤—ã–π –ø–æ–ª—å–∑–æ–≤–∞—Ç–µ–ª—å –Ω–∞—á–∞–ª —Ä–∞–±–æ—Ç—É —Å –±–æ—Ç–æ–º: –û–ª–µ–∫—Å–∞–Ω–¥—Ä (@S1lverA)
2025-02-19 15:38:06 - handlers.start - INFO - –ù–æ–≤—ã–π –ø–æ–ª—å–∑–æ–≤–∞—Ç–µ–ª—å –Ω–∞—á–∞–ª —Ä–∞–±–æ—Ç—É —Å –±–æ—Ç–æ–º: –û–ª–µ–∫—Å–∞–Ω–¥—Ä (@S1lverA)
2025-02-19 15:38:22 - handlers.start - INFO - –ù–æ–≤—ã–π –ø–æ–ª—å–∑–æ–≤–∞—Ç–µ–ª—å –Ω–∞—á–∞–ª —Ä–∞–±–æ—Ç—É —Å –±–æ—Ç–æ–º: –û–ª–µ–∫—Å–∞–Ω–¥—Ä (@S1lverA)
2025-02-20 21:18:13 - database - INFO - ‚úÖ –ü–æ–¥–∫–ª—é—á–µ–Ω–∏–µ –∫ Google Sheets —É—Å–ø–µ—à–Ω–æ —É—Å—Ç–∞–Ω–æ–≤–ª–µ–Ω–æ
2025-02-20 21:18:13 - __main__ - INFO - ü§ñ –ë–æ—Ç –∑–∞–ø—É—â–µ–Ω!
2025-02-20 21:18:14 - handlers.start - INFO - –ù–æ–≤—ã–π –ø–æ–ª—å–∑–æ–≤–∞—Ç–µ–ª—å –Ω–∞—á–∞–ª —Ä–∞–±–æ—Ç—É —Å –±–æ—Ç–æ–º: –û–ª–µ–∫—Å–∞–Ω–¥—Ä (@S1lverA)
2025-02-20 21:18:22 - handlers.test - INFO - –ü–æ–ª—å–∑–æ–≤–∞—Ç–µ–ª—å –û–ª–µ–∫—Å–∞–Ω–¥—Ä –Ω–∞—á–∞–ª —Ç–µ—Å—Ç–∏—Ä–æ–≤–∞–Ω–∏–µ
2025-02-20 21:18:30 - handlers.test - INFO - –ü–æ–ª—å–∑–æ–≤–∞—Ç–µ–ª—å –∑–∞–≤–µ—Ä—à–∏–ª —Ç–µ—Å—Ç —Å —Ä–µ–∑—É–ª—å—Ç–∞—Ç–æ–º 22.2%
2025-02-21 00:11:51 - database - INFO - ‚úÖ –ü–æ–¥–∫–ª—é—á–µ–Ω–∏–µ –∫ Google Sheets —É—Å–ø–µ—à–Ω–æ —É—Å—Ç–∞–Ω–æ–≤–ª–µ–Ω–æ
2025-02-21 00:11:51 - __main__ - INFO - ü§ñ –ë–æ—Ç –∑–∞–ø—É—â–µ–Ω!
2025-02-21 00:11:57 - handlers.start - INFO - –ù–æ–≤—ã–π –ø–æ–ª—å–∑–æ–≤–∞—Ç–µ–ª—å –Ω–∞—á–∞–ª —Ä–∞–±–æ—Ç—É —Å –±–æ—Ç–æ–º: –û–ª–µ–∫—Å–∞–Ω–¥—Ä (@S1lverA)
2025-02-21 00:12:23 - handlers.start - INFO - –ù–æ–≤—ã–π –ø–æ–ª—å–∑–æ–≤–∞—Ç–µ–ª—å –Ω–∞—á–∞–ª —Ä–∞–±–æ—Ç—É —Å –±–æ—Ç–æ–º: –û–ª–µ–∫—Å–∞–Ω–¥—Ä (@S1lverA)
2025-02-21 00:12:28 - handlers.test - INFO - –ü–æ–ª—å–∑–æ–≤–∞—Ç–µ–ª—å –û–ª–µ–∫—Å–∞–Ω–¥—Ä –Ω–∞—á–∞–ª —Ç–µ—Å—Ç–∏—Ä–æ–≤–∞–Ω–∏–µ
2025-02-21 00:46:56 - database - INFO - ‚úÖ –ü–æ–¥–∫–ª—é—á–µ–Ω–∏–µ –∫ Google Sheets —É—Å–ø–µ—à–Ω–æ —É—Å—Ç–∞–Ω–æ–≤–ª–µ–Ω–æ
2025-02-21 00:46:56 - __main__ - INFO - ü§ñ –ë–æ—Ç –∑–∞–ø—É—â–µ–Ω!
2025-02-21 00:47:01 - handlers.start - INFO - –ù–æ–≤—ã–π –ø–æ–ª—å–∑–æ–≤–∞—Ç–µ–ª—å –Ω–∞—á–∞–ª —Ä–∞–±–æ—Ç—É —Å –±–æ—Ç–æ–º: –û–ª–µ–∫—Å–∞–Ω–¥—Ä (@S1lverA)
2025-02-21 12:10:16 - database - INFO - ‚úÖ –ü–æ–¥–∫–ª—é—á–µ–Ω–∏–µ –∫ Google Sheets —É—Å–ø–µ—à–Ω–æ —É—Å—Ç–∞–Ω–æ–≤–ª–µ–Ω–æ
2025-02-21 12:10:16 - __main__ - INFO - ü§ñ –ë–æ—Ç –∑–∞–ø—É—â–µ–Ω!
2025-02-21 12:10:17 - handlers.start - INFO - –ù–æ–≤—ã–π –ø–æ–ª—å–∑–æ–≤–∞—Ç–µ–ª—å –Ω–∞—á–∞–ª —Ä–∞–±–æ—Ç—É —Å –±–æ—Ç–æ–º: –û–ª–µ–∫—Å–∞–Ω–¥—Ä (@S1lverA)
2025-02-21 12:10:17 - handlers.start - INFO - –ù–æ–≤—ã–π –ø–æ–ª—å–∑–æ–≤–∞—Ç–µ–ª—å –Ω–∞—á–∞–ª —Ä–∞–±–æ—Ç—É —Å –±–æ—Ç–æ–º: –ê–Ω–¥—Ä—ñ–π (@kryzh_a)
2025-02-21 13:16:45 - database - INFO - ‚úÖ –ü–æ–¥–∫–ª—é—á–µ–Ω–∏–µ –∫ Google Sheets —É—Å–ø–µ—à–Ω–æ —É—Å—Ç–∞–Ω–æ–≤–ª–µ–Ω–æ
2025-02-21 13:16:45 - __main__ - INFO - ü§ñ –ë–æ—Ç –∑–∞–ø—É—â–µ–Ω!
2025-02-21 13:16:47 - handlers.start - INFO - –ù–æ–≤—ã–π –ø–æ–ª—å–∑–æ–≤–∞—Ç–µ–ª—å –Ω–∞—á–∞–ª —Ä–∞–±–æ—Ç—É —Å –±–æ—Ç–æ–º: Antischool –ö—Å–µ–Ω—ñ—è (@ksesvit)
2025-02-21 15:40:03 - handlers.start - INFO - –ù–æ–≤—ã–π –ø–æ–ª—å–∑–æ–≤–∞—Ç–µ–ª—å –Ω–∞—á–∞–ª —Ä–∞–±–æ—Ç—É —Å –±–æ—Ç–æ–º: –û–ª–µ–∫—Å–∞–Ω–¥—Ä (@None)
2025-02-21 22:23:04 - database - INFO - ‚úÖ –ü–æ–¥–∫–ª—é—á–µ–Ω–∏–µ –∫ Google Sheets —É—Å–ø–µ—à–Ω–æ —É—Å—Ç–∞–Ω–æ–≤–ª–µ–Ω–æ
2025-02-21 22:23:04 - __main__ - INFO - ü§ñ –ë–æ—Ç –∑–∞–ø—É—â–µ–Ω!
2025-02-21 22:23:14 - handlers.start - INFO - –ù–æ–≤—ã–π –ø–æ–ª—å–∑–æ–≤–∞—Ç–µ–ª—å –Ω–∞—á–∞–ª —Ä–∞–±–æ—Ç—É —Å –±–æ—Ç–æ–º: –û–ª–µ–∫—Å–∞–Ω–¥—Ä (@S1lverA)
2025-02-21 22:27:22 - handlers.start - INFO - –ù–æ–≤—ã–π –ø–æ–ª—å–∑–æ–≤–∞—Ç–µ–ª—å –Ω–∞—á–∞–ª —Ä–∞–±–æ—Ç—É —Å –±–æ—Ç–æ–º: –ê–Ω–¥—Ä—ñ–π (@kryzh_a)
2025-02-21 22:34:11 - handlers.start - INFO - –ù–æ–≤—ã–π –ø–æ–ª—å–∑–æ–≤–∞—Ç–µ–ª—å –Ω–∞—á–∞–ª —Ä–∞–±–æ—Ç—É —Å –±–æ—Ç–æ–º: –û–ª–µ–∫—Å–∞–Ω–¥—Ä (@S1lverA)
2025-02-21 22:36:42 - handlers.start - INFO - –ù–æ–≤—ã–π –ø–æ–ª—å–∑–æ–≤–∞—Ç–µ–ª—å –Ω–∞—á–∞–ª —Ä–∞–±–æ—Ç—É —Å –±–æ—Ç–æ–º: –û–ª–µ–∫—Å–∞–Ω–¥—Ä (@S1lverA)
2025-02-21 22:59:46 - handlers.start - INFO - –ù–æ–≤—ã–π –ø–æ–ª—å–∑–æ–≤–∞—Ç–µ–ª—å –Ω–∞—á–∞–ª —Ä–∞–±–æ—Ç—É —Å –±–æ—Ç–æ–º: –û–ª–µ–∫—Å–∞–Ω–¥—Ä (@S1lverA)
